2018-08-28 14:49:28,244 - os.name - Windows 10
2018-08-28 14:49:28,245 - os.arch - amd64
2018-08-28 14:49:28,245 - os.version - 10.0
2018-08-28 14:49:28,245 - java.version - 9.0.4
2018-08-28 14:49:28,245 - java.vendor - Oracle Corporation
2018-08-28 14:49:28,245 - java.vendor.url - http://java.oracle.com/
2018-08-28 14:49:28,245 - java.home - C:\Program Files\Java\jdk-9.0.4
2018-08-28 14:49:28,245 - java.vm.specification.name - Java Virtual Machine Specification
2018-08-28 14:49:28,245 - java.vm.specification.vendor - Oracle Corporation
2018-08-28 14:49:28,245 - java.vm.specification.version - 9
2018-08-28 14:49:28,277 - java.class.path - C:\Users\sheet\eclipse\java-oxygen\eclipse\\plugins/org.eclipse.equinox.launcher_1.4.0.v20161219-1356.jar
2018-08-28 14:49:28,277 - java.library.path - C:\Users\sheet\eclipse\java-oxygen\eclipse;C:\WINDOWS\Sun\Java\bin;C:\WINDOWS\system32;C:\WINDOWS;C:/Program Files/Java/jdk-9.0.4/bin/server;C:/Program Files/Java/jdk-9.0.4/bin;C:\Program Files\Java\jdk-9.0.4\bin;C:\Program Files\Git\cmd;C:\WINDOWS\system32;C:\WINDOWS;C:\WINDOWS\System32\Wbem;C:\WINDOWS\System32\WindowsPowerShell\v1.0\;C:\WINDOWS\System32\OpenSSH\;C:\Program Files\Amazon\AWSCLI\;C:\Program Files\nodejs\;C:\Users\sheet\Downloads\apache-maven-3.5.3\bin;C:\Users\sheet\.dnx\bin;C:\Program Files\Microsoft DNX\Dnvm\;C:\Program Files\Microsoft SQL Server\Client SDK\ODBC\130\Tools\Binn\;C:\Program Files (x86)\Microsoft SQL Server\140\Tools\Binn\;C:\Program Files\Microsoft SQL Server\140\Tools\Binn\;C:\Program Files\Microsoft SQL Server\140\DTS\Binn\;C:\Program Files (x86)\Microsoft SQL Server\Client SDK\ODBC\130\Tools\Binn\;C:\Program Files (x86)\Microsoft SQL Server\140\DTS\Binn\;C:\Program Files (x86)\Microsoft SQL Server\140\Tools\Binn\ManagementStudio\;C:\Program Files\Docker Toolbox;C:\Users\sheet\AppData\Local\GitHubDesktop\bin;C:\Users\sheet\AppData\Local\hyper\app-2.0.0\resources\bin;C:\sqlite;C:\Users\sheet\AppData\Local\Microsoft\WindowsApps;C:\Users\sheet\AppData\Roaming\npm;C:\Users\sheet\Downloads\apache-maven-3.5.3\bin;C:\Users\sheet\AppData\Local\Programs\Fiddler;C:\Users\sheet\AppData\Local\atom\bin;C:\WINDOWS\system32;;.
2018-08-28 14:49:28,277 - --------------------------------------
2018-08-28 14:49:28,277 - ## Eclipse Plug-ins Log Information ##
2018-08-28 14:49:28,277 - --------------------------------------
2018-08-28 14:49:28,490 - javax.el - 2.2.0.v201303151357
2018-08-28 14:49:28,512 - javax.servlet - 3.1.0.v201410161800
2018-08-28 14:49:28,523 - javax.servlet.jsp - 2.2.0.v201112011158
2018-08-28 14:49:28,531 - com.sun.el - 2.2.0.v201303151357
2018-08-28 14:49:28,532 - org.apache.commons.logging - 1.1.1.v201101211721
2018-08-28 14:49:28,550 - org.apache.jasper.glassfish - 2.2.2.v201501141630
2018-08-28 14:49:28,551 - org.apache.lucene.analyzers-common - 6.1.0.v20161115-1612
2018-08-28 14:49:28,552 - org.apache.lucene.core - 6.1.0.v20170814-1820
2018-08-28 14:49:28,569 - org.apache.lucene.analyzers-smartcn - 6.1.0.v20161115-1612
2018-08-28 14:49:28,590 - org.apache.lucene.misc - 6.1.0.v20161115-1612
2018-08-28 14:49:28,892 - org.eclipse.equinox.http.jetty - 3.4.0.v20170503-2025
2018-08-28 14:49:29,571 - org.eclipse.equinox.http.registry - 1.1.400.v20150715-1528
2018-08-28 14:49:29,581 - org.eclipse.equinox.http.servlet - 1.4.0.v20170524-1452
2018-08-28 14:49:30,020 - org.eclipse.equinox.jsp.jasper - 1.0.500.v20150119-1358
2018-08-28 14:49:30,095 - org.eclipse.equinox.jsp.jasper.registry - 1.0.300.v20130327-1442
2018-08-28 14:49:30,095 - org.eclipse.help.base - 4.2.153.v20180330-0640
2018-08-28 14:49:30,097 - org.eclipse.help.ui - 4.1.0.v20170311-0931
2018-08-28 14:49:30,106 - org.eclipse.help.webapp - 3.9.1.v20170816-0843
2018-08-28 14:49:30,208 - org.eclipse.jetty.continuation - 9.4.8.v20171121
2018-08-28 14:49:30,219 - org.eclipse.jetty.http - 9.4.8.v20171121
2018-08-28 14:49:30,232 - org.eclipse.jetty.io - 9.4.8.v20171121
2018-08-28 14:49:30,246 - org.eclipse.jetty.security - 9.4.8.v20171121
2018-08-28 14:49:30,262 - org.eclipse.jetty.server - 9.4.8.v20171121
2018-08-28 14:49:30,318 - org.eclipse.jetty.servlet - 9.4.8.v20171121
2018-08-28 14:49:30,345 - org.eclipse.jetty.util - 9.4.8.v20171121
2018-08-28 14:49:30,346 - org.eclipse.core.net - 1.3.100.v20170516-0820
2018-08-28 14:49:30,717 - org.eclipse.equinox.security - 1.2.300.v20170505-1235
2018-08-28 14:49:30,766 - org.eclipse.sirius.common.acceleo.aql - 5.1.1.201801311428
2018-08-28 14:49:30,942 - org.eclipse.wb.os - 1.9.1.201710100405
2018-08-28 14:49:30,978 - org.eclipse.wb.runtime - 1.9.1.201710100405
2018-08-28 14:49:30,991 - org.eclipse.wb.runtime.lib - 1.9.1.201710100405
2018-08-28 14:49:30,991 - org.eclipse.wb.core - 1.9.1.201710100405
2018-08-28 14:49:31,104 - org.eclipse.wb.core.lib - 1.9.1.201710100405
2018-08-28 14:49:31,109 - org.eclipse.wb.os.win32 - 1.9.1.201710100405
2018-08-28 14:49:31,122 - org.eclipse.sirius.common.ui - 5.1.1.201801311428
2018-08-28 14:49:31,123 - org.eclipse.sirius.common.ui.ext - 5.1.1.201801311428
2018-08-28 14:49:31,135 - org.eclipse.sirius.diagram.sequence - 5.1.1.201801311428
2018-08-28 14:49:31,145 - org.eclipse.sirius.diagram.sequence.edit - 5.1.1.201801311428
2018-08-28 14:49:31,156 - org.eclipse.sirius.diagram.sequence.ui - 5.1.1.201801311428
2018-08-28 14:49:31,162 - org.eclipse.sirius.diagram.ui - 5.1.1.201801311428
2018-08-28 14:49:31,205 - org.eclipse.sirius.diagram.ui.ext - 5.1.1.201801311428
2018-08-28 14:49:31,217 - org.eclipse.sirius.table.ui - 5.1.1.201801311428
2018-08-28 14:49:31,250 - org.eclipse.sirius.table.ui.ext - 5.1.1.201801311428
2018-08-28 14:49:31,257 - org.eclipse.sirius.tree.ui - 5.1.1.201801311428
2018-08-28 14:49:31,280 - org.eclipse.sirius.tree.ui.ext - 5.1.1.201801311428
2018-08-28 14:49:31,285 - org.eclipse.sirius.ui - 5.1.1.201801311428
2018-08-28 14:49:31,286 - org.eclipse.sirius.ui.editor - 5.1.1.201801311428
2018-08-28 14:49:31,287 - org.eclipse.sirius.ui.ext - 5.1.1.201801311428
2018-08-28 14:49:31,331 - org.eclipse.sirius.ext.swt - 5.1.1.201801311428
2018-08-28 14:49:31,378 - org.eclipse.sirius.ext.jface - 5.1.1.201801311428
2018-08-28 14:49:31,514 - org.eclipse.sirius.ext.e3.ui - 5.1.1.201801311428
2018-08-28 14:49:31,577 - org.eclipse.sirius.ext.draw2d - 5.1.1.201801311428
2018-08-28 14:49:31,639 - org.eclipse.sirius.ext.gef - 5.1.1.201801311428
2018-08-28 14:49:31,750 - org.eclipse.sirius.ext.gmf.runtime - 5.1.1.201801311428
2018-08-28 14:49:31,810 - org.eclipse.sirius.ext.emf.ui - 5.1.1.201801311428
2018-08-28 14:49:31,823 - org.eclipse.mylyn.bugzilla.core - 3.23.1.v20170623-0008
2018-08-28 14:49:31,824 - org.eclipse.mylyn.bugzilla.ui - 3.23.1.v20170623-0008
2018-08-28 14:49:31,836 - org.eclipse.andmore.hierarchyviewer - 0.5.1.201701251432
2018-08-28 14:49:31,847 - org.eclipse.sirius.common.acceleo.aql - 5.1.1.201801311428
2018-08-28 14:49:31,847 - org.eclipse.sirius.common.acceleo.aql.ide - 5.1.1.201801311428
2018-08-28 14:49:31,907 - org.eclipse.sequoyah.device.backward - 2.1.0.N20120718-0509
2018-08-28 14:49:31,907 - org.eclipse.sequoyah.device.framework - 2.1.0.N20120718-0509
2018-08-28 14:49:31,909 - org.eclipse.sequoyah.device.framework.ui - 2.1.0.N20120718-0509
2018-08-28 14:49:32,049 - org.eclipse.sequoyah.device.service.start - 2.1.0.N20120718-0509
2018-08-28 14:49:32,185 - org.eclipse.sequoyah.device.service.stop - 2.1.0.N20120718-0509
2018-08-28 14:49:32,332 - org.eclipse.sequoyah.device.framework.wizard - 2.1.0.N20120718-0509
2018-08-28 14:49:32,353 - org.eclipse.gmf.runtime.common.core - 1.7.0.201706061437
2018-08-28 14:49:32,361 - org.eclipse.gmf.runtime.common.ui - 1.8.1.201706061437
2018-08-28 14:49:32,368 - org.eclipse.gmf.runtime.common.ui.action - 1.7.0.201706061437
2018-08-28 14:49:32,545 - org.eclipse.gmf.runtime.common.ui.action.ide - 1.7.0.201706061437
2018-08-28 14:49:32,552 - org.eclipse.gmf.runtime.common.ui.services - 1.9.0.201706061437
2018-08-28 14:49:32,559 - org.eclipse.gmf.runtime.common.ui.services.action - 1.7.0.201706061437
2018-08-28 14:49:32,565 - org.eclipse.gmf.runtime.common.ui.services.dnd - 1.7.0.201706061437
2018-08-28 14:49:32,673 - org.eclipse.gmf.runtime.common.ui.services.dnd.ide - 1.7.0.201706061437
2018-08-28 14:49:32,680 - org.eclipse.gmf.runtime.common.ui.services.properties - 1.9.0.201706061437
2018-08-28 14:49:32,686 - org.eclipse.gmf.runtime.diagram.core - 1.7.0.201706061437
2018-08-28 14:49:32,693 - org.eclipse.gmf.runtime.diagram.ui - 1.8.0.201706061437
2018-08-28 14:49:32,699 - org.eclipse.gmf.runtime.diagram.ui.actions - 1.7.0.201706061437
2018-08-28 14:49:32,790 - org.eclipse.gmf.runtime.diagram.ui.dnd - 1.7.0.201706061437
2018-08-28 14:49:32,796 - org.eclipse.gmf.runtime.diagram.ui.geoshapes - 1.7.0.201706061437
2018-08-28 14:49:32,803 - org.eclipse.gmf.runtime.diagram.ui.properties - 1.7.0.201706061437
2018-08-28 14:49:32,812 - org.eclipse.gmf.runtime.diagram.ui.providers - 1.7.0.201706061437
2018-08-28 14:49:32,927 - org.eclipse.gmf.runtime.diagram.ui.providers.ide - 1.7.0.201706061437
2018-08-28 14:49:32,933 - org.eclipse.gmf.runtime.diagram.ui.render - 1.7.0.201706061437
2018-08-28 14:49:32,940 - org.eclipse.gmf.runtime.diagram.ui.resources.editor - 1.7.0.201706061437
2018-08-28 14:49:32,946 - org.eclipse.gmf.runtime.diagram.ui.resources.editor.ide - 1.7.0.201706061437
2018-08-28 14:49:32,953 - org.eclipse.gmf.runtime.draw2d.ui - 1.9.0.201706061437
2018-08-28 14:49:33,124 - org.eclipse.gmf.runtime.draw2d.ui.render - 1.7.0.201706061437
2018-08-28 14:49:33,130 - org.eclipse.gmf.runtime.draw2d.ui.render.awt - 1.8.0.201706061437
2018-08-28 14:49:33,136 - org.eclipse.gmf.runtime.emf.clipboard.core - 1.7.0.201706061437
2018-08-28 14:49:33,272 - org.eclipse.gmf.runtime.emf.commands.core - 1.7.0.201706061437
2018-08-28 14:49:33,279 - org.eclipse.gmf.runtime.emf.core - 1.7.0.201706061437
2018-08-28 14:49:33,286 - org.eclipse.gmf.runtime.emf.type.core - 1.9.0.201706061437
2018-08-28 14:49:33,377 - org.eclipse.gmf.runtime.emf.type.ui - 1.7.0.201706061437
2018-08-28 14:49:33,384 - org.eclipse.gmf.runtime.emf.ui - 1.7.0.201706061437
2018-08-28 14:49:33,390 - org.eclipse.gmf.runtime.emf.ui.properties - 1.7.0.201706061437
2018-08-28 14:49:33,396 - org.eclipse.gmf.runtime.gef.ui - 1.7.0.201706061437
2018-08-28 14:49:33,496 - org.eclipse.gmf.runtime.notation.providers - 1.7.0.201706061437
2018-08-28 14:49:33,496 - org.eclipse.gmf - 1.11.0.201706061437
2018-08-28 14:49:33,573 - org.eclipse.gmf.runtime.common.ui.printing - 1.7.0.201706061437
2018-08-28 14:49:33,573 - org.eclipse.gmf.runtime.common.ui.printing.win32 - 1.7.0.201706061437
2018-08-28 14:49:33,580 - org.eclipse.gmf.runtime.diagram.ui.printing - 1.7.0.201706061437
2018-08-28 14:49:33,588 - org.eclipse.gmf.runtime.diagram.ui.printing.render - 1.8.0.201706061437
2018-08-28 14:49:33,603 - org.eclipse.wb.rcp.doc.user - 1.9.1.201710100405
2018-08-28 14:49:33,616 - org.eclipse.buildship.core - 2.2.1.v20180125-1441
2018-08-28 14:49:33,616 - org.eclipse.buildship.ui - 2.2.1.v20180125-1441
2018-08-28 14:49:33,616 - org.eclipse.buildship.branding - 2.2.1.v20180125-1441
2018-08-28 14:49:33,617 - org.eclipse.buildship.stsmigration - 2.2.1.v20180125-1441
2018-08-28 14:49:33,629 - org.eclipse.mylyn.tasks.core - 3.23.1.v20170623-0008
2018-08-28 14:49:33,630 - org.eclipse.mylyn.tasks.index.core - 3.23.1.v20170623-0008
2018-08-28 14:49:33,630 - org.eclipse.mylyn.tasks.index.ui - 3.23.1.v20170623-0008
2018-08-28 14:49:33,631 - org.eclipse.mylyn.tasks.search - 3.23.1.v20170623-0008
2018-08-28 14:49:33,632 - org.eclipse.mylyn.tasks.ui - 3.23.1.v20170623-0008
2018-08-28 14:49:33,645 - org.eclipse.egit.core - 4.9.2.201712150930-r
2018-08-28 14:49:33,647 - org.eclipse.egit.ui - 4.9.2.201712150930-r
2018-08-28 14:49:33,647 - org.eclipse.egit - 4.9.2.201712150930-r
2018-08-28 14:49:33,649 - org.eclipse.egit.doc - 4.9.2.201712150930-r
2018-08-28 14:49:33,672 - org.eclipse.emf.ecoretools - 3.3.0.201706121316
2018-08-28 14:49:33,673 - org.eclipse.emf.ecoretools.ui - 3.3.0.201706121316
2018-08-28 14:49:33,673 - org.eclipse.emf.ecoretools.design - 3.3.0.201706121316
2018-08-28 14:49:33,684 - org.eclipse.emf.ecoretools.design.ui - 3.3.0.201706121316
2018-08-28 14:49:33,690 - org.eclipse.emf.ecoretools.doc - 3.3.0.201706121316
2018-08-28 14:49:33,702 - org.eclipse.sirius.common.xtext - 5.1.1.201801311428
2018-08-28 14:49:33,716 - org.eclipse.gef - 3.11.0.201606061308
2018-08-28 14:49:33,733 - org.eclipse.mylyn.commons.identity.core - 1.15.0.v20170411-1844
2018-08-28 14:49:33,750 - org.eclipse.emf.transaction - 1.9.0.201706061339
2018-08-28 14:49:33,958 - org.eclipse.emf.transaction.ui - 1.4.0.201706061339
2018-08-28 14:49:33,970 - org.eclipse.oomph.p2 - 1.9.0.v20171221-1140
2018-08-28 14:49:33,971 - org.eclipse.oomph.p2.core - 1.9.0.v20180504-1434
2018-08-28 14:49:33,972 - org.eclipse.oomph.p2.edit - 1.9.0.v20171221-1140
2018-08-28 14:49:33,973 - org.eclipse.oomph.p2.ui - 1.9.0.v20180503-1442
2018-08-28 14:49:33,979 - org.eclipse.oomph.p2.doc - 1.9.0.v20171221-1140
2018-08-28 14:49:33,992 - org.eclipse.emf.codegen.ui - 2.6.0.v20170609-0928
2018-08-28 14:49:34,093 - org.eclipse.datatools.enablement.sqlite - 1.2.1.201712071719
2018-08-28 14:49:34,129 - org.eclipse.datatools.enablement.sqlite.dbdefinition - 1.2.1.201712071719
2018-08-28 14:49:34,211 - org.eclipse.datatools.enablement.sqlite.ui - 1.2.1.201712071719
2018-08-28 14:49:34,211 - org.eclipse.datatools.enablement.finfo - 1.7.0.201712071719
2018-08-28 14:49:34,224 - org.eclipse.mylyn.commons.notifications.core - 1.15.0.v20170411-1844
2018-08-28 14:49:34,225 - org.eclipse.mylyn.commons.notifications.feed - 1.15.0.v20170411-1844
2018-08-28 14:49:34,225 - org.eclipse.mylyn.commons.notifications.ui - 1.15.0.v20170411-1844
2018-08-28 14:49:34,240 - org.eclipse.emf.converter - 2.8.0.v20170609-0928
2018-08-28 14:49:34,247 - org.eclipse.emf.importer - 2.9.0.v20170609-0928
2018-08-28 14:49:34,255 - org.eclipse.emf.exporter - 2.7.0.v20170609-0928
2018-08-28 14:49:34,378 - org.eclipse.emf.importer.ecore - 2.8.0.v20170609-0928
2018-08-28 14:49:34,385 - org.eclipse.emf.importer.java - 2.8.0.v20170609-0928
2018-08-28 14:49:34,391 - org.eclipse.emf.importer.rose - 2.8.0.v20170609-0928
2018-08-28 14:49:34,404 - org.eclipse.emf.edit.ui - 2.13.0.v20170609-0928
2018-08-28 14:49:34,419 - org.eclipse.help - 3.8.1.v20170815-1448
2018-08-28 14:49:34,420 - org.eclipse.ui - 3.109.0.v20170411-1742
2018-08-28 14:49:34,422 - org.eclipse.ui.workbench - 3.110.1.v20170704-1208
2018-08-28 14:49:34,422 - org.eclipse.update.configurator - 3.3.400.v20160506-0750
2018-08-28 14:49:34,422 - org.eclipse.rcp - 4.7.3.v20180330-0640
2018-08-28 14:49:34,436 - org.eclipse.recommenders.rcp - 2.5.2.v20180401-1226
2018-08-28 14:49:34,546 - org.eclipse.recommenders.apidocs - 2.5.2.v20180401-1226
2018-08-28 14:49:34,548 - org.eclipse.recommenders.apidocs.rcp - 2.5.2.v20180401-1226
2018-08-28 14:49:34,649 - org.eclipse.recommenders.calls - 2.5.2.v20180401-1226
2018-08-28 14:49:34,656 - org.eclipse.recommenders.calls.rcp - 2.5.2.v20180401-1226
2018-08-28 14:49:34,662 - org.eclipse.recommenders.chain.rcp - 2.5.2.v20180401-1226
2018-08-28 14:49:34,669 - org.eclipse.recommenders.completion.rcp - 2.5.2.v20180401-1226
2018-08-28 14:49:34,723 - org.eclipse.recommenders.constructors - 2.5.2.v20180401-1226
2018-08-28 14:49:34,827 - org.eclipse.recommenders.constructors.rcp - 2.5.2.v20180401-1226
2018-08-28 14:49:34,975 - org.eclipse.recommenders.coordinates - 2.5.2.v20180401-1226
2018-08-28 14:49:34,977 - org.eclipse.recommenders.coordinates.rcp - 2.5.2.v20180401-1226
2018-08-28 14:49:34,978 - org.eclipse.recommenders.injection - 2.5.2.v20180401-1226
2018-08-28 14:49:34,985 - org.eclipse.recommenders.jayes - 2.5.2.v20180401-1226
2018-08-28 14:49:35,164 - org.eclipse.recommenders.jayes.io - 2.5.2.v20180401-1226
2018-08-28 14:49:35,263 - org.eclipse.recommenders.jdt - 2.5.2.v20180401-1226
2018-08-28 14:49:35,271 - org.eclipse.recommenders.models - 2.5.2.v20180401-1226
2018-08-28 14:49:35,272 - org.eclipse.recommenders.models.rcp - 2.5.2.v20180401-1226
2018-08-28 14:49:35,321 - org.eclipse.recommenders.net - 2.5.2.v20180401-1226
2018-08-28 14:49:35,400 - org.eclipse.recommenders.overrides - 2.5.2.v20180401-1226
2018-08-28 14:49:35,533 - org.eclipse.recommenders.overrides.rcp - 2.5.2.v20180401-1226
2018-08-28 14:49:35,665 - org.eclipse.recommenders.subwords.rcp - 2.5.2.v20180401-1226
2018-08-28 14:49:35,734 - org.eclipse.recommenders.statics - 2.5.2.v20180401-1226
2018-08-28 14:49:35,843 - org.eclipse.recommenders.statics.rcp - 2.5.2.v20180401-1226
2018-08-28 14:49:35,999 - org.eclipse.recommenders.types.rcp - 2.5.2.v20180401-1226
2018-08-28 14:49:36,006 - org.eclipse.recommenders.utils - 2.5.2.v20180401-1226
2018-08-28 14:49:36,173 - org.eclipse.recommenders.utils.rcp - 2.5.2.v20180401-1226
2018-08-28 14:49:36,189 - org.eclipse.emf.workspace - 1.5.1.201706061339
2018-08-28 14:49:36,286 - org.eclipse.emf.workspace.ui - 1.3.0.201706061339
2018-08-28 14:49:36,416 - org.eclipse.mylyn.commons.repositories.http.core - 1.15.0.v20170411-1844
2018-08-28 14:49:36,431 - org.eclipse.datatools.connectivity.oda.design.ui - 3.4.1.201712071719
2018-08-28 14:49:36,432 - org.eclipse.datatools.connectivity.ui.dse - 1.3.1.201712071719
2018-08-28 14:49:36,440 - org.eclipse.datatools.connectivity.ui - 1.4.1.201712071719
2018-08-28 14:49:36,449 - org.eclipse.datatools.connectivity.sqm.core - 1.4.1.201712071719
2018-08-28 14:49:36,507 - org.eclipse.datatools.help - 1.7.1.201712071719
2018-08-28 14:49:36,520 - org.eclipse.jdt - 3.13.4.v20180330-0640
2018-08-28 14:49:36,521 - org.eclipse.ant.ui - 3.7.0.v20170412-1054
2018-08-28 14:49:36,529 - org.eclipse.jdt.apt.core - 3.5.100.v20180322-1206
2018-08-28 14:49:36,535 - org.eclipse.jdt.apt.ui - 3.5.50.v20180322-1206
2018-08-28 14:49:36,656 - org.eclipse.jdt.apt.pluggable.core - 1.2.50.v20180322-1206
2018-08-28 14:49:36,657 - org.eclipse.jdt.compiler.apt - 1.3.110.v20180329-0935
2018-08-28 14:49:36,658 - org.eclipse.jdt.compiler.tool - 1.2.101.v20180329-0935
2018-08-28 14:49:36,658 - org.eclipse.jdt.core - 3.13.102.v20180330-0919
2018-08-28 14:49:36,756 - org.eclipse.jdt.annotation - 2.1.150.v20180322-1206
2018-08-28 14:49:36,756 - org.eclipse.jdt.annotation - 2.1.150.v20180322-1206
2018-08-28 14:49:36,757 - org.eclipse.jdt.core.manipulation - 1.9.100.v20180321-0831
2018-08-28 14:49:36,759 - org.eclipse.jdt.debug.ui - 3.8.100.v20180322-1256
2018-08-28 14:49:36,785 - org.eclipse.jdt.debug - 3.11.50.v20170920-1717
2018-08-28 14:49:36,786 - org.eclipse.jdt.junit - 3.10.75.v20180322-1731
2018-08-28 14:49:36,792 - org.eclipse.jdt.junit.core - 3.9.100.v20180321-0831
2018-08-28 14:49:36,799 - org.eclipse.jdt.junit.runtime - 3.4.651.v20171130-0906
2018-08-28 14:49:36,895 - org.eclipse.jdt.junit4.runtime - 1.1.650.v20170920-1015
2018-08-28 14:49:36,970 - org.eclipse.jdt.junit5.runtime - 1.0.1.v20171130-0906
2018-08-28 14:49:36,971 - org.eclipse.jdt.launching - 3.9.100.v20180323-1351
2018-08-28 14:49:36,973 - org.eclipse.jdt.ui - 3.13.100.v20180330-0726
2018-08-28 14:49:36,989 - org.junit - 4.12.0.v201504281640
2018-08-28 14:49:36,997 - org.hamcrest.core - 1.3.0.v201303031735
2018-08-28 14:49:37,003 - org.junit.jupiter.api - 5.0.0.v20170910-2246
2018-08-28 14:49:37,010 - org.junit.jupiter.engine - 5.0.0.v20170910-2246
2018-08-28 14:49:37,164 - org.junit.jupiter.migrationsupport - 5.0.0.v20170910-2246
2018-08-28 14:49:37,176 - org.junit.jupiter.params - 5.0.0.v20170910-2246
2018-08-28 14:49:37,188 - org.junit.platform.commons - 1.0.0.v20170910-2246
2018-08-28 14:49:37,196 - org.junit.platform.engine - 1.0.0.v20170910-2246
2018-08-28 14:49:37,204 - org.junit.platform.launcher - 1.0.0.v20170910-2246
2018-08-28 14:49:37,282 - org.junit.platform.runner - 1.0.0.v20170910-2246
2018-08-28 14:49:37,398 - org.junit.platform.suite.api - 1.0.0.v20170910-2246
2018-08-28 14:49:37,407 - org.junit.vintage.engine - 4.12.0.v20170910-2246
2018-08-28 14:49:37,501 - org.opentest4j - 1.0.0.v20170910-2246
2018-08-28 14:49:37,558 - org.apiguardian - 1.0.0.v20170910-2246
2018-08-28 14:49:37,570 - org.eclipse.jdt.doc.user - 3.13.75.v20180329-0655
2018-08-28 14:49:37,578 - org.eclipse.ant.launching - 1.2.1.v20171108-0853
2018-08-28 14:49:37,591 - org.eclipse.emf.common - 2.13.0.v20170609-0707
2018-08-28 14:49:37,608 - org.eclipse.sequoyah.vnc.vncviewer.vncviews - 2.1.0.N20120718-0509
2018-08-28 14:49:37,723 - org.eclipse.egit.mylyn.ui - 4.9.2.201712150930-r
2018-08-28 14:49:37,734 - org.eclipse.sirius.eef.adapters - 5.1.1.201801311428
2018-08-28 14:49:37,747 - org.eclipse.wb.core.xml - 1.9.1.201710100405
2018-08-28 14:49:37,903 - org.eclipse.wb.core.databinding.xml - 1.9.1.201710100405
2018-08-28 14:49:37,916 - org.eclipse.datatools.sqltools.common.ui - 1.2.1.201712071719
2018-08-28 14:49:37,922 - org.eclipse.datatools.sqltools.debugger.core - 1.2.1.201712071719
2018-08-28 14:49:37,930 - org.eclipse.datatools.sqltools.editor.core - 1.2.1.201712071719
2018-08-28 14:49:37,931 - org.eclipse.datatools.sqltools.plan - 1.2.1.201712071719
2018-08-28 14:49:38,077 - org.eclipse.datatools.sqltools.routineeditor - 1.2.1.201712071719
2018-08-28 14:49:38,083 - org.eclipse.datatools.sqltools.sql - 1.2.1.201712071719
2018-08-28 14:49:38,090 - org.eclipse.datatools.sqltools.sqleditor - 1.2.1.201712071719
2018-08-28 14:49:38,092 - org.eclipse.datatools.sqltools.sqlscrapbook - 1.2.1.201712071719
2018-08-28 14:49:38,092 - org.eclipse.datatools.help - 1.7.1.201712071719
2018-08-28 14:49:38,098 - org.eclipse.datatools.sqltools.db.generic - 1.2.1.201712071719
2018-08-28 14:49:38,104 - org.eclipse.datatools.sqltools.debugger.core.ui - 1.2.1.201712071719
2018-08-28 14:49:38,290 - org.eclipse.datatools.sqltools.editor.core.ui - 1.2.1.201712071719
2018-08-28 14:49:38,291 - org.eclipse.datatools.sqltools.result.ui - 1.3.1.201712071719
2018-08-28 14:49:38,292 - org.eclipse.datatools.sqltools.routineeditor.ui - 1.2.1.201712071719
2018-08-28 14:49:38,394 - org.eclipse.datatools.sqltools.sql.ui - 1.2.1.201712071719
2018-08-28 14:49:38,415 - org.objectweb.asm - 6.0.0.v20180116-1719
2018-08-28 14:49:38,416 - org.eclipse.andmore - 0.5.1.201701251432
2018-08-28 14:49:38,416 - org.eclipse.andmore.base - 0.5.1.201701251432
2018-08-28 14:49:38,417 - org.eclipse.andmore.ddms - 0.5.1.201701251432
2018-08-28 14:49:38,471 - org.eclipse.andmore.overlay - 0.5.1.201701251432
2018-08-28 14:49:38,479 - org.apache.commons.codec - 1.9.0.v20170208-1614
2018-08-28 14:49:38,486 - org.apache.commons.compress - 1.6.0.v201310281400
2018-08-28 14:49:38,487 - org.apache.httpcomponents.httpclient - 4.5.2.v20170210-0925
2018-08-28 14:49:38,488 - org.apache.httpcomponents.httpcore - 4.4.6.v20170210-0925
2018-08-28 14:49:38,499 - org.eclipse.wb.swt - 1.9.1.201710100405
2018-08-28 14:49:38,511 - org.eclipse.emf.mapping - 2.9.0.v20170609-0928
2018-08-28 14:49:38,525 - org.eclipse.oomph.setup.editor - 1.9.0.v20180503-1442
2018-08-28 14:49:38,526 - org.eclipse.oomph.setup.ui - 1.9.0.v20180407-0456
2018-08-28 14:49:38,534 - org.eclipse.oomph.setup.doc - 1.9.0.v20171221-1140
2018-08-28 14:49:38,539 - org.eclipse.oomph.setup.ui.questionnaire - 1.9.0.v20171221-1140
2018-08-28 14:49:38,540 - org.eclipse.oomph.jreinfo.ui - 1.9.0.v20171221-1140
2018-08-28 14:49:38,562 - org.eclipse.datatools.modelbase.dbdefinition - 1.2.1.201712071719
2018-08-28 14:49:38,570 - org.eclipse.datatools.modelbase.sql.edit - 1.2.1.201712071719
2018-08-28 14:49:38,577 - org.eclipse.datatools.modelbase.sql.query - 1.3.1.201712071719
2018-08-28 14:49:38,587 - org.eclipse.datatools.modelbase.sql.query.edit - 1.2.1.201712071719
2018-08-28 14:49:38,594 - org.eclipse.datatools.modelbase.sql.xml.query - 1.2.1.201712071719
2018-08-28 14:49:38,594 - org.eclipse.datatools.modelbase.sql - 1.2.1.201712071719
2018-08-28 14:49:38,606 - org.eclipse.emf.ecore - 2.13.0.v20170609-0707
2018-08-28 14:49:38,614 - org.eclipse.emf.ecore.change - 2.11.0.v20170609-0707
2018-08-28 14:49:38,615 - org.eclipse.emf.ecore.xmi - 2.13.0.v20170609-0707
2018-08-28 14:49:38,628 - org.eclipse.wb.doc.user - 1.9.1.201710100405
2018-08-28 14:49:38,640 - org.eclipse.jgit - 4.9.2.201712150930-r
2018-08-28 14:49:38,735 - org.eclipse.jgit.archive - 4.9.2.201712150930-r
2018-08-28 14:49:38,737 - com.jcraft.jsch - 0.1.54.v20170116-1932
2018-08-28 14:49:38,744 - javaewah - 1.1.6.v20160919-1400
2018-08-28 14:49:38,744 - org.apache.commons.compress - 1.6.0.v201310281400
2018-08-28 14:49:38,745 - org.slf4j.api - 1.7.2.v20121108-1250
2018-08-28 14:49:38,745 - org.slf4j.impl.log4j12 - 1.7.2.v20131105-2200
2018-08-28 14:49:38,752 - org.apache.log4j - 1.2.15.v201012070815
2018-08-28 14:49:38,945 - org.eclipse.mylyn.wikitext.tasks.ui - 3.0.19.201711172000
2018-08-28 14:49:39,045 - org.eclipse.mylyn.wikitext.context.ui - 3.0.19.201711172000
2018-08-28 14:49:39,059 - org.eclipse.emf.mapping.ecore.editor - 2.6.0.v20170609-0928
2018-08-28 14:49:39,233 - org.eclipse.emf.mapping.ecore2ecore.editor - 2.7.0.v20170609-0928
2018-08-28 14:49:39,240 - org.eclipse.emf.mapping.ecore2xml.ui - 2.8.0.v20170609-0928
2018-08-28 14:49:39,259 - org.eclipse.m2m.atl.engine.emfvm - 3.8.0.v201705182014
2018-08-28 14:49:39,260 - org.eclipse.m2m.atl - 3.8.0.v201705182014
2018-08-28 14:49:39,353 - org.eclipse.m2m.atl.adt.debug - 3.8.0.v201705182014
2018-08-28 14:49:39,361 - org.eclipse.m2m.atl.adt.editor - 3.8.0.v201705182014
2018-08-28 14:49:39,462 - org.eclipse.m2m.atl.drivers.emf4atl - 3.8.0.v201705182014
2018-08-28 14:49:39,536 - org.eclipse.m2m.atl.drivers.uml24atl - 3.8.0.v201705182014
2018-08-28 14:49:39,544 - org.eclipse.m2m.atl.engine - 3.8.0.v201705182014
2018-08-28 14:49:39,550 - org.eclipse.m2m.atl.engine.vm - 3.8.0.v201705182014
2018-08-28 14:49:39,556 - org.antlr.runtime - 4.3.0.v201502022030
2018-08-28 14:49:39,562 - org.eclipse.m2m.atl.dsls - 3.8.0.v201705182014
2018-08-28 14:49:39,567 - org.eclipse.m2m.atl.adt - 3.8.0.v201705182014
2018-08-28 14:49:39,568 - org.eclipse.m2m.atl.adt.ui - 3.8.0.v201705182014
2018-08-28 14:49:39,672 - org.eclipse.m2m.atl.core - 3.8.0.v201705182014
2018-08-28 14:49:39,752 - org.eclipse.m2m.atl.core.emf - 3.8.0.v201705182014
2018-08-28 14:49:39,753 - org.eclipse.m2m.atl.core.ui - 3.8.0.v201705182014
2018-08-28 14:49:39,928 - org.eclipse.m2m.atl.core.ui.vm - 3.8.0.v201705182014
2018-08-28 14:49:39,934 - org.eclipse.m2m.atl.common - 3.8.0.v201705182014
2018-08-28 14:49:40,073 - org.eclipse.m2m.atl.core.ant - 3.8.0.v201705182014
2018-08-28 14:49:40,211 - org.eclipse.m2m.atl.engine.emfvm.launch - 3.8.0.v201705182014
2018-08-28 14:49:40,219 - org.eclipse.m2m.atl.debug.core - 3.8.0.v201705182014
2018-08-28 14:49:40,233 - org.eclipse.recommenders.mylyn.rcp - 2.5.2.v20180401-1226
2018-08-28 14:49:41,331 - org.apache.ant - 1.10.1.v20170504-0840
2018-08-28 14:49:41,337 - org.eclipse.ant.core - 3.5.0.v20170509-2149
2018-08-28 14:49:41,337 - com.jcraft.jsch - 0.1.54.v20170116-1932
2018-08-28 14:49:41,337 - org.eclipse.compare.core - 3.6.100.v20170516-0820
2018-08-28 14:49:41,339 - org.eclipse.compare - 3.7.101.v20170724-1603
2018-08-28 14:49:41,453 - org.eclipse.compare.win32 - 1.2.0.v20170517-0839
2018-08-28 14:49:41,455 - org.eclipse.core.filebuffers - 3.6.100.v20170203-1130
2018-08-28 14:49:41,456 - org.eclipse.core.filesystem - 1.7.0.v20170406-1337
2018-08-28 14:49:41,456 - org.eclipse.core.net - 1.3.100.v20170516-0820
2018-08-28 14:49:41,456 - org.eclipse.core.net.win32.x86_64 - 1.1.0.v20160323-1650
2018-08-28 14:49:41,458 - org.eclipse.core.resources - 3.12.0.v20170417-1558
2018-08-28 14:49:41,458 - org.eclipse.osgi.util - 3.4.0.v20170111-1608
2018-08-28 14:49:41,460 - org.eclipse.debug.core - 3.11.0.v20170605-1534
2018-08-28 14:49:41,462 - org.eclipse.debug.ui - 3.12.50.v20170920-1329
2018-08-28 14:49:41,462 - org.eclipse.equinox.event - 1.4.0.v20170105-1446
2018-08-28 14:49:41,463 - org.eclipse.ltk.core.refactoring - 3.8.0.v20170105-1156
2018-08-28 14:49:41,465 - org.eclipse.ltk.ui.refactoring - 3.9.0.v20170412-0825
2018-08-28 14:49:41,465 - org.eclipse.platform - 4.7.3.v20180330-0640
2018-08-28 14:49:41,474 - org.eclipse.platform.doc.user - 4.7.3.v20180328-1557
2018-08-28 14:49:41,475 - org.eclipse.search - 3.11.100.v20170515-1603
2018-08-28 14:49:41,476 - org.eclipse.team.core - 3.8.100.v20170516-0820
2018-08-28 14:49:41,478 - org.eclipse.team.ui - 3.8.1.v20170515-1133
2018-08-28 14:49:41,478 - org.eclipse.text - 3.6.100.v20170203-0814
2018-08-28 14:49:41,479 - org.eclipse.jface.text - 3.12.2.v20180112-1341
2018-08-28 14:49:41,480 - org.eclipse.jsch.core - 1.3.0.v20160422-1917
2018-08-28 14:49:41,486 - org.eclipse.jsch.ui - 1.3.0.v20160323-1650
2018-08-28 14:49:41,487 - org.eclipse.ui.console - 3.7.1.v20170728-0806
2018-08-28 14:49:41,488 - org.eclipse.ui.intro - 3.5.100.v20170418-0710
2018-08-28 14:49:41,488 - org.eclipse.ui.intro.universal - 3.3.100.v20170515-1335
2018-08-28 14:49:41,489 - org.eclipse.ui.cheatsheets - 3.5.100.v20170515-0748
2018-08-28 14:49:41,490 - org.eclipse.ui.browser - 3.6.100.v20170418-1342
2018-08-28 14:49:41,497 - org.eclipse.ui.genericeditor - 1.0.2.v20180126-0718
2018-08-28 14:49:41,497 - org.eclipse.ui.monitoring - 1.1.100.v20170131-1736
2018-08-28 14:49:41,497 - org.eclipse.ui.navigator - 3.7.0.v20170418-1342
2018-08-28 14:49:41,499 - org.eclipse.ui.navigator.resources - 3.6.1.v20170823-1443
2018-08-28 14:49:41,499 - org.eclipse.ui.net - 1.3.100.v20170516-0820
2018-08-28 14:49:41,500 - org.eclipse.ui.workbench.texteditor - 3.10.100.v20170426-2021
2018-08-28 14:49:41,501 - org.eclipse.ui.views - 3.9.0.v20170226-1833
2018-08-28 14:49:41,502 - org.eclipse.ui.editors - 3.11.0.v20170202-1823
2018-08-28 14:49:41,503 - org.eclipse.ui.externaltools - 3.4.0.v20161212-0515
2018-08-28 14:49:41,505 - org.eclipse.ui.ide - 3.13.1.v20170822-1526
2018-08-28 14:49:41,505 - org.eclipse.ui.ide.application - 1.2.0.v20170512-1452
2018-08-28 14:49:41,505 - org.eclipse.ui.win32 - 3.3.0.v20160505-1310
2018-08-28 14:49:41,505 - org.eclipse.core.resources.win32.x86_64 - 3.5.100.v20170516-0925
2018-08-28 14:49:41,505 - org.eclipse.core.filesystem.win32.x86_64 - 1.4.0.v20140124-1940
2018-08-28 14:49:41,621 - org.eclipse.core.variables - 3.4.0.v20170113-2056
2018-08-28 14:49:41,622 - org.eclipse.ui.forms - 3.7.101.v20170815-1446
2018-08-28 14:49:41,623 - org.eclipse.ui.views.properties.tabbed - 3.8.1.v20170713-0803
2018-08-28 14:49:41,623 - org.eclipse.equinox.security - 1.2.300.v20170505-1235
2018-08-28 14:49:41,629 - org.eclipse.equinox.security.ui - 1.1.400.v20170505-1235
2018-08-28 14:49:41,630 - org.eclipse.equinox.security.win32.x86_64 - 1.0.100.v20130327-1442
2018-08-28 14:49:41,748 - org.eclipse.core.externaltools - 1.1.0.v20170113-2056
2018-08-28 14:49:41,749 - org.eclipse.ui.themes - 1.2.1.v20170809-1435
2018-08-28 14:49:41,749 - org.eclipse.core.runtime - 3.13.0.v20170207-1030
2018-08-28 14:49:41,749 - org.eclipse.ui.intro.quicklinks - 1.0.100.v20170515-0756
2018-08-28 14:49:41,835 - org.eclipse.team.genericeditor.diff.extension - 1.0.1.v20170809-1356
2018-08-28 14:49:41,862 - org.eclipse.mylyn.discovery.core - 3.23.0.v20170411-1844
2018-08-28 14:49:41,870 - org.eclipse.mylyn.discovery.ui - 3.23.0.v20170411-1844
2018-08-28 14:49:41,884 - org.eclipse.m2m.atl.doc - 3.8.0.v201705182014
2018-08-28 14:49:41,952 - org.eclipse.m2m.atl.cheatsheets - 3.8.0.v201705182014
2018-08-28 14:49:41,966 - org.eclipse.emf.ecore.edit - 2.9.0.v20170609-0928
2018-08-28 14:49:42,071 - org.eclipse.emf.ecore.change.edit - 2.6.0.v20170609-0928
2018-08-28 14:49:42,083 - org.eclipse.wb.rcp - 1.9.1.201710100405
2018-08-28 14:49:42,089 - org.eclipse.wb.rcp.databinding - 1.9.1.201710100405
2018-08-28 14:49:42,095 - org.eclipse.wb.rcp.databinding.emf - 1.9.1.201710100405
2018-08-28 14:49:42,100 - org.eclipse.wb.rcp.nebula - 1.9.1.201710100405
2018-08-28 14:49:42,107 - org.eclipse.wb.rcp.swing2swt - 1.9.1.201710100405
2018-08-28 14:49:42,275 - org.eclipse.wb.swt.widgets.baseline - 1.9.1.201710100405
2018-08-28 14:49:42,288 - org.eclipse.emf.validation - 1.8.0.201706061352
2018-08-28 14:49:42,294 - org.eclipse.emf.validation.ui - 1.7.0.201706061352
2018-08-28 14:49:42,393 - org.eclipse.emf.validation.ui.ide - 1.3.0.201706061352
2018-08-28 14:49:42,405 - org.eclipse.sequoyah.vnc.protocol - 2.1.0.N20120718-0509
2018-08-28 14:49:42,416 - org.eclipse.mylyn.versions.core - 1.15.0.v20170411-2003
2018-08-28 14:49:42,472 - org.eclipse.mylyn.versions.ui - 1.15.0.v20170411-2003
2018-08-28 14:49:42,486 - org.eclipse.emf.mapping.ecore - 2.6.0.v20170609-0928
2018-08-28 14:49:42,618 - org.eclipse.emf.mapping.ecore2ecore - 2.9.0.v20170609-0928
2018-08-28 14:49:42,773 - org.eclipse.emf.mapping.ecore2xml - 2.9.0.v20170609-0928
2018-08-28 14:49:42,786 - org.eclipse.andmore.traceview - 0.5.1.201701251432
2018-08-28 14:49:42,798 - org.eclipse.mylyn.wikitext - 3.0.19.20171117145831
2018-08-28 14:49:42,938 - org.eclipse.mylyn.wikitext.ant - 3.0.19.20171117145831
2018-08-28 14:49:42,992 - org.eclipse.mylyn.wikitext.osgi - 3.0.19.201711172000
2018-08-28 14:49:42,999 - org.eclipse.mylyn.wikitext.asciidoc - 3.0.19.20171117145831
2018-08-28 14:49:43,005 - org.eclipse.mylyn.wikitext.textile - 3.0.19.20171117145831
2018-08-28 14:49:43,011 - org.eclipse.mylyn.wikitext.html - 3.0.19.20171117145831
2018-08-28 14:49:43,018 - org.eclipse.mylyn.wikitext.markdown - 3.0.19.20171117145831
2018-08-28 14:49:43,024 - org.eclipse.mylyn.wikitext.mediawiki - 3.0.19.20171117145831
2018-08-28 14:49:43,031 - org.eclipse.mylyn.wikitext.confluence - 3.0.19.20171117145831
2018-08-28 14:49:43,037 - org.eclipse.mylyn.wikitext.tracwiki - 3.0.19.20171117145831
2018-08-28 14:49:43,044 - org.eclipse.mylyn.wikitext.twiki - 3.0.19.20171117145831
2018-08-28 14:49:43,046 - org.eclipse.mylyn.wikitext.ui - 3.0.19.201711172000
2018-08-28 14:49:43,052 - org.eclipse.mylyn.wikitext.help.ui - 3.0.19.201711172000
2018-08-28 14:49:43,088 - org.eclipse.mylyn.wikitext.asciidoc.ui - 3.0.19.201711172000
2018-08-28 14:49:43,144 - org.eclipse.mylyn.wikitext.textile.ui - 3.0.19.201711172000
2018-08-28 14:49:43,181 - org.eclipse.mylyn.wikitext.markdown.ui - 3.0.19.201711172000
2018-08-28 14:49:43,238 - org.eclipse.mylyn.wikitext.mediawiki.ui - 3.0.19.201711172000
2018-08-28 14:49:43,295 - org.eclipse.mylyn.wikitext.confluence.ui - 3.0.19.201711172000
2018-08-28 14:49:43,338 - org.eclipse.mylyn.wikitext.tracwiki.ui - 3.0.19.201711172000
2018-08-28 14:49:43,394 - org.eclipse.mylyn.wikitext.twiki.ui - 3.0.19.201711172000
2018-08-28 14:49:43,407 - org.eclipse.sequoyah.localization.android - 2.1.0.N20120718-0509
2018-08-28 14:49:43,413 - org.eclipse.sequoyah.localization.android.help - 2.1.1.N20120718-0509
2018-08-28 14:49:43,425 - org.eclipse.m2e.logback.configuration - 1.8.3.20180227-2137
2018-08-28 14:49:43,426 - org.eclipse.m2e.logback.appender - 1.8.3.20180227-2137
2018-08-28 14:49:43,443 - org.eclipse.emf.codegen - 2.12.0.v20170609-0928
2018-08-28 14:49:43,458 - org.eclipse.wst.dtd.ui - 1.0.801.v201308100602
2018-08-28 14:49:43,507 - org.eclipse.wst.dtd.ui.infopop - 1.0.400.v201707252002
2018-08-28 14:49:43,551 - org.eclipse.wst.sse.ui.infopop - 1.0.300.v201707252002
2018-08-28 14:49:43,610 - org.eclipse.wst.xml.ui.infopop - 1.0.400.v201707252002
2018-08-28 14:49:43,612 - org.eclipse.wst.sse.ui - 1.3.600.v201707042340
2018-08-28 14:49:43,612 - org.eclipse.wst.xml.ui - 1.1.800.v201704102213
2018-08-28 14:49:43,615 - org.eclipse.wst.xsd.ui - 1.2.602.v201801171858
2018-08-28 14:49:43,629 - org.eclipse.datatools.doc.user - 1.7.0.20090521092446
2018-08-28 14:49:43,671 - org.eclipse.datatools.oda.cshelp - 1.3.1.201712071719
2018-08-28 14:49:43,671 - org.eclipse.datatools.help - 1.7.1.201712071719
2018-08-28 14:49:43,684 - org.eclipse.emf - 2.6.0.v20170609-0928
2018-08-28 14:49:43,696 - org.eclipse.wb.layout.group - 1.9.1.201710100405
2018-08-28 14:49:43,708 - org.eclipse.wb.swing.doc.user - 1.9.1.201710100405
2018-08-28 14:49:43,720 - org.eclipse.wb.xwt - 1.9.1.201710100405
2018-08-28 14:49:43,727 - org.eclipse.wb.rcp.databinding.xwt - 1.9.1.201710100405
2018-08-28 14:49:43,740 - org.eclipse.userstorage - 1.1.0.v20170328-0205
2018-08-28 14:49:43,741 - org.eclipse.userstorage.ui - 1.0.2.v20170526-1605
2018-08-28 14:49:43,741 - org.eclipse.userstorage.oauth - 1.0.0.v20170526-1605
2018-08-28 14:49:43,753 - org.eclipse.mylyn.tasks.bugs - 3.23.1.v20170623-0008
2018-08-28 14:49:43,754 - org.eclipse.mylyn.help.ui - 3.23.1.v20170623-0008
2018-08-28 14:49:43,766 - org.eclipse.draw2d - 3.10.100.201606061308
2018-08-28 14:49:43,783 - org.eclipse.emf.edit - 2.12.0.v20170609-0928
2018-08-28 14:49:43,799 - org.eclipse.mylyn.commons.core - 3.23.0.v20170411-1844
2018-08-28 14:49:43,805 - org.eclipse.mylyn.commons.screenshots - 3.23.0.v20170411-1844
2018-08-28 14:49:43,806 - org.eclipse.mylyn.commons.ui - 3.23.0.v20170411-1844
2018-08-28 14:49:43,807 - org.eclipse.mylyn.commons.workbench - 3.23.0.v20170503-0014
2018-08-28 14:49:43,827 - org.eclipse.eclemma.core - 3.1.0.201804041601
2018-08-28 14:49:43,834 - org.eclipse.eclemma.doc - 3.1.0.201804041601
2018-08-28 14:49:43,834 - org.eclipse.eclemma.ui - 3.1.0.201804041601
2018-08-28 14:49:43,841 - org.jacoco.agent - 0.8.1.v20180329-2024
2018-08-28 14:49:43,848 - org.jacoco.core - 0.8.1.v20180329-2024
2018-08-28 14:49:43,857 - org.jacoco.report - 0.8.1.v20180329-2024
2018-08-28 14:49:43,857 - org.objectweb.asm - 6.0.0.v20180116-1719
2018-08-28 14:49:43,866 - org.objectweb.asm.commons - 6.0.0.v20180116-1719
2018-08-28 14:49:43,875 - org.objectweb.asm.tree - 6.0.0.v20180116-1719
2018-08-28 14:49:43,934 - org.eclipse.mylyn.bugzilla.ide - 3.23.0.v20170411-2108
2018-08-28 14:49:43,935 - org.eclipse.mylyn.ide.ui - 3.23.0.v20170411-2108
2018-08-28 14:49:43,948 - org.eclipse.emf.databinding.edit - 1.3.0.v20170609-0928
2018-08-28 14:49:43,962 - org.eclipse.emf.codegen.ecore - 2.13.0.v20170609-0928
2018-08-28 14:49:44,089 - org.eclipse.emf.ant - 2.8.0.v20170609-0928
2018-08-28 14:49:44,543 - org.eclipse.m2e.archetype.common - 1.8.3.20180227-2135
2018-08-28 14:49:44,675 - org.eclipse.m2e.maven.indexer - 1.8.3.20180227-2135
2018-08-28 14:49:44,683 - org.eclipse.m2e.model.edit - 1.8.3.20180227-2137
2018-08-28 14:49:44,683 - org.eclipse.m2e.core - 1.8.3.20180227-2137
2018-08-28 14:49:44,683 - org.eclipse.m2e.launching - 1.8.3.20180227-2137
2018-08-28 14:49:44,764 - org.eclipse.m2e.workspace.cli - 0.3.1
2018-08-28 14:49:44,894 - org.eclipse.m2e.jdt - 1.8.3.20180227-2137
2018-08-28 14:49:44,903 - org.eclipse.m2e.editor - 1.8.3.20180227-2137
2018-08-28 14:49:44,904 - org.eclipse.m2e.editor.xml - 1.8.3.20180227-2137
2018-08-28 14:49:46,728 - org.eclipse.m2e.maven.runtime - 1.8.3.20180227-2135
2018-08-28 14:49:46,773 - org.eclipse.m2e.maven.runtime.slf4j.simple - 1.8.3.20180227-2135
2018-08-28 14:49:46,773 - org.eclipse.m2e.refactoring - 1.8.3.20180227-2137
2018-08-28 14:49:46,808 - org.eclipse.m2e.lifecyclemapping.defaults - 1.8.3.20180227-2137
2018-08-28 14:49:46,809 - org.eclipse.m2e.discovery - 1.8.3.20180227-2137
2018-08-28 14:49:46,810 - org.eclipse.m2e.core.ui - 1.8.3.20180227-2137
2018-08-28 14:49:46,816 - org.eclipse.m2e.scm - 1.8.3.20180227-2137
2018-08-28 14:49:46,816 - org.eclipse.m2e.jdt.ui - 1.8.3.20180227-2137
2018-08-28 14:49:46,895 - org.eclipse.m2e.profiles.core - 1.8.3.20180227-2137
2018-08-28 14:49:47,079 - org.eclipse.m2e.profiles.ui - 1.8.3.20180227-2137
2018-08-28 14:49:47,154 - org.eclipse.m2e.importer - 1.8.3.20180227-2137
2018-08-28 14:49:47,168 - org.eclipse.andmore.ndk - 0.5.1.201701251432
2018-08-28 14:49:47,182 - org.eclipse.andmore.gldebugger - 0.5.1.201701251432
2018-08-28 14:49:47,205 - org.eclipse.mylyn.hudson.core - 1.15.0.v20170411-2141
2018-08-28 14:49:47,310 - org.eclipse.mylyn.hudson.ui - 1.15.0.v20170411-2141
2018-08-28 14:49:47,325 - org.eclipse.epp.mpc.core - 1.6.4.v20180214-1810
2018-08-28 14:49:47,325 - org.eclipse.epp.mpc.core.win32 - 1.6.4.v20180214-1800
2018-08-28 14:49:47,325 - org.eclipse.epp.mpc.ui - 1.6.4.v20180214-1800
2018-08-28 14:49:47,331 - org.eclipse.epp.mpc.help.ui - 1.6.4.v20180214-1800
2018-08-28 14:49:47,415 - org.eclipse.mylyn.git.core - 1.15.0.v20170411-2003
2018-08-28 14:49:47,491 - org.eclipse.mylyn.git.ui - 1.15.0.v20170411-2003
2018-08-28 14:49:47,510 - org.eclipse.datatools.connectivity.oda.consumer - 3.4.1.201712071719
2018-08-28 14:49:47,517 - org.eclipse.datatools.connectivity.oda.design - 3.5.1.201712071719
2018-08-28 14:49:47,645 - org.eclipse.datatools.connectivity.oda.profile - 3.4.1.201712071719
2018-08-28 14:49:47,645 - org.eclipse.datatools.connectivity.oda - 3.6.1.201712071719
2018-08-28 14:49:47,645 - org.eclipse.datatools.connectivity - 1.14.1.201712071719
2018-08-28 14:49:47,656 - org.eclipse.andmore.android.certmanager - 0.5.1.201701251432
2018-08-28 14:49:47,669 - org.eclipse.epp.package.java - 4.7.3.20180405-1200
2018-08-28 14:49:47,693 - org.eclipse.recommenders.snipmatch - 2.5.2.v20180401-1226
2018-08-28 14:49:47,693 - org.eclipse.recommenders.snipmatch.rcp - 2.5.2.v20180401-1226
2018-08-28 14:49:47,708 - org.eclipse.cdt.gdb - 7.0.0.201802261533
2018-08-28 14:49:47,770 - org.eclipse.cdt.gdb.ui - 7.0.0.201802261533
2018-08-28 14:49:47,783 - org.eclipse.pde - 3.13.4.v20180330-0640
2018-08-28 14:49:47,799 - org.eclipse.pde.build - 3.9.300.v20170515-0912
2018-08-28 14:49:47,800 - org.eclipse.pde.core - 3.11.101.v20171228-1230
2018-08-28 14:49:47,892 - org.eclipse.pde.junit.runtime - 3.5.50.v20170923-0844
2018-08-28 14:49:47,895 - org.eclipse.pde.runtime - 3.6.0.v20170413-1620
2018-08-28 14:49:47,897 - org.eclipse.pde.ui - 3.10.100.v20180322-0726
2018-08-28 14:49:47,906 - org.eclipse.pde.doc.user - 3.13.75.v20180328-1557
2018-08-28 14:49:47,913 - org.eclipse.pde.ui.templates - 3.6.100.v20170515-0910
2018-08-28 14:49:47,915 - org.eclipse.ui.views.log - 1.2.100.v20170515-1458
2018-08-28 14:49:47,915 - org.objectweb.asm - 6.0.0.v20180116-1719
2018-08-28 14:49:47,915 - org.objectweb.asm.tree - 6.0.0.v20180116-1719
2018-08-28 14:49:47,924 - org.eclipse.pde.api.tools - 1.1.150.v20180328-0710
2018-08-28 14:49:47,981 - org.eclipse.pde.api.tools.annotations - 1.1.0.v20170118-0848
2018-08-28 14:49:47,984 - org.eclipse.pde.api.tools.ui - 1.1.101.v20170810-1621
2018-08-28 14:49:47,990 - org.eclipse.pde.ds.core - 1.1.100.v20170515-0910
2018-08-28 14:49:47,997 - org.eclipse.pde.ds.ui - 1.1.100.v20170515-0910
2018-08-28 14:49:47,997 - org.eclipse.pde.launching - 3.7.52.v20171222-1119
2018-08-28 14:49:48,004 - org.eclipse.pde.ua.core - 1.1.0.v20170201-2036
2018-08-28 14:49:48,011 - org.eclipse.pde.ua.ui - 1.1.100.v20170515-0910
2018-08-28 14:49:48,011 - org.eclipse.ui.trace - 1.1.0.v20170201-2036
2018-08-28 14:49:48,017 - org.eclipse.pde.ds.annotations - 1.1.1.v20180301-1154
2018-08-28 14:49:48,184 - org.eclipse.pde.genericeditor.extension - 1.0.0.v20170315-0955
2018-08-28 14:49:48,268 - org.eclipse.pde.ds.lib - 1.1.0.v20170303-1624
2018-08-28 14:49:48,343 - org.eclipse.pde.ds1_2.lib - 1.0.0.v20170303-1624
2018-08-28 14:49:48,344 - org.eclipse.tools.layout.spy - 1.0.0.v20170428-1608
2018-08-28 14:49:48,358 - org.eclipse.sequoyah.localization.tools - 2.1.0.N20120718-0509
2018-08-28 14:49:48,364 - org.eclipse.sequoyah.localization.editor - 2.1.0.N20120718-0509
2018-08-28 14:49:48,383 - org.eclipse.datatools.sqltools.parsers.sql.lexer - 1.2.1.201712071719
2018-08-28 14:49:48,390 - org.eclipse.datatools.sqltools.parsers.sql.query - 1.4.1.201712071719
2018-08-28 14:49:48,397 - org.eclipse.datatools.sqltools.parsers.sql.xml.query - 1.2.1.201712071719
2018-08-28 14:49:48,397 - org.eclipse.datatools.sqltools.parsers.sql - 1.2.1.201712071719
2018-08-28 14:49:48,411 - org.eclipse.mylyn.java.ui - 3.23.0.v20170411-2108
2018-08-28 14:49:48,494 - org.eclipse.mylyn.java.tasks - 3.23.0.v20170411-2108
2018-08-28 14:49:48,494 - org.eclipse.mylyn.ide.ui - 3.23.0.v20170411-2108
2018-08-28 14:49:48,577 - org.eclipse.mylyn.ide.ant - 3.23.0.v20170411-2108
2018-08-28 14:49:48,703 - org.eclipse.mylyn.debug.ui - 3.23.0.v20170411-2108
2018-08-28 14:49:48,716 - org.eclipse.mylyn.team.ui - 3.23.0.v20170411-2108
2018-08-28 14:49:48,728 - org.eclipse.emf.common.ui - 2.12.0.v20170609-0928
2018-08-28 14:49:48,740 - org.eclipse.datatools.sqltools.sql - 1.2.1.201712071719
2018-08-28 14:49:48,740 - org.eclipse.datatools.sqltools.common.ui - 1.2.1.201712071719
2018-08-28 14:49:48,740 - org.eclipse.datatools.sqltools.plan - 1.2.1.201712071719
2018-08-28 14:49:48,740 - org.eclipse.datatools.sqltools.editor.core - 1.2.1.201712071719
2018-08-28 14:49:48,740 - org.eclipse.datatools.sqltools.sqleditor - 1.2.1.201712071719
2018-08-28 14:49:48,740 - org.eclipse.datatools.sqltools.ddlgen.ui - 1.2.1.201712071719
2018-08-28 14:49:48,814 - org.eclipse.datatools.connectivity.db.generic - 1.2.1.201712071719
2018-08-28 14:49:48,814 - org.eclipse.datatools.sqltools.editor.core.ui - 1.2.1.201712071719
2018-08-28 14:49:48,814 - org.eclipse.datatools.sqltools.sql.ui - 1.2.1.201712071719
2018-08-28 14:49:48,825 - org.eclipse.m2m.atl.examples - 3.8.0.v201705182014
2018-08-28 14:49:48,839 - org.eclipse.mylyn.commons.repositories.core - 1.15.0.v20170411-1844
2018-08-28 14:49:48,840 - org.eclipse.mylyn.commons.repositories.ui - 1.15.0.v20170411-1844
2018-08-28 14:49:48,853 - org.eclipse.sequoyah.device.common.utilities - 2.1.0.N20120718-0509
2018-08-28 14:49:48,864 - org.eclipse.andmore.android.common - 0.5.1.201701251432
2018-08-28 14:49:48,866 - org.eclipse.andmore.android.codeutils - 0.5.1.201701251432
2018-08-28 14:49:49,021 - org.eclipse.andmore.android.translation - 0.5.1.201701251432
2018-08-28 14:49:49,027 - org.eclipse.andmore.android.codesnippets - 0.5.1.201701251432
2018-08-28 14:49:49,029 - org.eclipse.andmore.android.db.core - 0.5.1.201701251432
2018-08-28 14:49:49,029 - org.eclipse.andmore.android.logger - 0.5.1.201701251432
2018-08-28 14:49:49,076 - org.eclipse.andmore.android - 0.5.1.201701251432
2018-08-28 14:49:49,079 - org.eclipse.andmore.android.emulator - 0.5.1.201701251432
2018-08-28 14:49:49,080 - org.eclipse.andmore.android.launch - 0.5.1.201701251432
2018-08-28 14:49:49,081 - org.eclipse.andmore.android.packaging.ui - 0.5.1.201701251432
2018-08-28 14:49:49,202 - org.eclipse.andmore.android.handset - 0.5.1.201701251432
2018-08-28 14:49:49,204 - org.eclipse.andmore.android.remote - 0.5.1.201701251432
2018-08-28 14:49:49,204 - org.eclipse.andmore.android.win32.x86_64 - 0.5.1.201701251432
2018-08-28 14:49:49,205 - org.eclipse.andmore.android.mat - 0.5.1.201701251432
2018-08-28 14:49:49,206 - org.eclipse.andmore.android.devices.services - 0.5.1.201701251432
2018-08-28 14:49:49,213 - org.eclipse.andmore.android.db.devices - 0.5.1.201701251432
2018-08-28 14:49:49,288 - org.eclipse.andmore.android.installer - 0.5.1.201701251432
2018-08-28 14:49:49,556 - org.eclipse.andmore.android.logger.collector - 0.5.1.201701251432
2018-08-28 14:49:49,571 - org.eclipse.emf.mapping.ui - 2.7.0.v20170609-0928
2018-08-28 14:49:49,586 - org.eclipse.sirius - 5.1.1.201801311428
2018-08-28 14:49:49,594 - org.eclipse.sirius.common - 5.1.1.201801311428
2018-08-28 14:49:49,594 - org.eclipse.sirius.common.acceleo.aql - 5.1.1.201801311428
2018-08-28 14:49:49,594 - org.eclipse.sirius.common.acceleo.aql.ide - 5.1.1.201801311428
2018-08-28 14:49:49,606 - org.eclipse.sirius.common.acceleo.mtl - 5.1.1.201801311428
2018-08-28 14:49:49,704 - org.eclipse.sirius.common.acceleo.mtl.ide - 5.1.1.201801311428
2018-08-28 14:49:49,704 - org.eclipse.sirius.common.ui - 5.1.1.201801311428
2018-08-28 14:49:49,704 - org.eclipse.sirius.common.ui.ext - 5.1.1.201801311428
2018-08-28 14:49:49,715 - org.eclipse.sirius.diagram - 5.1.1.201801311428
2018-08-28 14:49:49,723 - org.eclipse.sirius.diagram.formatdata - 5.1.1.201801311428
2018-08-28 14:49:49,731 - org.eclipse.sirius.diagram.layoutdata - 5.1.1.201801311428
2018-08-28 14:49:49,731 - org.eclipse.sirius.diagram.sequence - 5.1.1.201801311428
2018-08-28 14:49:49,731 - org.eclipse.sirius.diagram.sequence.edit - 5.1.1.201801311428
2018-08-28 14:49:49,731 - org.eclipse.sirius.diagram.sequence.ui - 5.1.1.201801311428
2018-08-28 14:49:49,731 - org.eclipse.sirius.diagram.ui - 5.1.1.201801311428
2018-08-28 14:49:49,731 - org.eclipse.sirius.diagram.ui.ext - 5.1.1.201801311428
2018-08-28 14:49:49,740 - org.eclipse.sirius.doc - 5.1.1.201801311428
2018-08-28 14:49:49,746 - org.eclipse.sirius.ecore.extender - 5.1.1.201801311428
2018-08-28 14:49:49,746 - org.eclipse.sirius.editor - 5.1.1.201801311428
2018-08-28 14:49:49,756 - org.eclipse.sirius.editor.diagram - 5.1.1.201801311428
2018-08-28 14:49:49,764 - org.eclipse.sirius.editor.sequence - 5.1.1.201801311428
2018-08-28 14:49:49,770 - org.eclipse.sirius.editor.table - 5.1.1.201801311428
2018-08-28 14:49:49,776 - org.eclipse.sirius.editor.tree - 5.1.1.201801311428
2018-08-28 14:49:49,889 - org.eclipse.sirius.ext.base - 5.1.1.201801311428
2018-08-28 14:49:49,889 - org.eclipse.sirius.ext.draw2d - 5.1.1.201801311428
2018-08-28 14:49:49,911 - org.eclipse.sirius.ext.e3 - 5.1.1.201801311428
2018-08-28 14:49:49,911 - org.eclipse.sirius.ext.e3.ui - 5.1.1.201801311428
2018-08-28 14:49:49,984 - org.eclipse.sirius.ext.emf - 5.1.1.201801311428
2018-08-28 14:49:50,027 - org.eclipse.sirius.ext.emf.edit - 5.1.1.201801311428
2018-08-28 14:49:50,067 - org.eclipse.sirius.ext.emf.tx - 5.1.1.201801311428
2018-08-28 14:49:50,067 - org.eclipse.sirius.ext.emf.ui - 5.1.1.201801311428
2018-08-28 14:49:50,067 - org.eclipse.sirius.ext.gef - 5.1.1.201801311428
2018-08-28 14:49:50,092 - org.eclipse.sirius.ext.gmf.notation - 5.1.1.201801311428
2018-08-28 14:49:50,092 - org.eclipse.sirius.ext.gmf.runtime - 5.1.1.201801311428
2018-08-28 14:49:50,092 - org.eclipse.sirius.ext.jface - 5.1.1.201801311428
2018-08-28 14:49:50,092 - org.eclipse.sirius.ext.swt - 5.1.1.201801311428
2018-08-28 14:49:50,179 - org.eclipse.sirius.interpreter - 5.1.1.201801311428
2018-08-28 14:49:50,313 - org.eclipse.sirius.synchronizer - 5.1.1.201801311428
2018-08-28 14:49:50,322 - org.eclipse.sirius.table - 5.1.1.201801311428
2018-08-28 14:49:50,322 - org.eclipse.sirius.table.ui - 5.1.1.201801311428
2018-08-28 14:49:50,322 - org.eclipse.sirius.table.ui.ext - 5.1.1.201801311428
2018-08-28 14:49:50,328 - org.eclipse.sirius.tree - 5.1.1.201801311428
2018-08-28 14:49:50,329 - org.eclipse.sirius.tree.ui - 5.1.1.201801311428
2018-08-28 14:49:50,329 - org.eclipse.sirius.tree.ui.ext - 5.1.1.201801311428
2018-08-28 14:49:50,329 - org.eclipse.sirius.ui - 5.1.1.201801311428
2018-08-28 14:49:50,329 - org.eclipse.sirius.ui.editor - 5.1.1.201801311428
2018-08-28 14:49:50,329 - org.eclipse.sirius.ui.ext - 5.1.1.201801311428
2018-08-28 14:49:50,393 - org.eclipse.sirius.common.interpreter - 5.1.1.201801311428
2018-08-28 14:49:50,402 - org.eclipse.sirius.properties - 5.1.1.201801311428
2018-08-28 14:49:50,408 - org.eclipse.sirius.properties.core - 5.1.1.201801311428
2018-08-28 14:49:50,415 - org.eclipse.sirius.properties.edit - 5.1.1.201801311428
2018-08-28 14:49:50,564 - org.eclipse.sirius.properties.ext.widgets.reference - 5.1.1.201801311428
2018-08-28 14:49:50,693 - org.eclipse.sirius.properties.ext.widgets.reference.edit - 5.1.1.201801311428
2018-08-28 14:49:50,705 - org.eclipse.sirius.editor.properties - 5.1.1.201801311428
2018-08-28 14:49:50,827 - org.eclipse.sirius.editor.properties.ext.widgets.reference - 5.1.1.201801311428
2018-08-28 14:49:50,833 - org.eclipse.sirius.ui.properties - 5.1.1.201801311428
2018-08-28 14:49:50,918 - org.eclipse.sirius.ui.properties.ext.widgets.reference - 5.1.1.201801311428
2018-08-28 14:49:50,929 - org.eclipse.sirius.common - 5.1.1.201801311428
2018-08-28 14:49:50,929 - org.eclipse.sirius.ecore.extender - 5.1.1.201801311428
2018-08-28 14:49:50,929 - org.eclipse.sirius.synchronizer - 5.1.1.201801311428
2018-08-28 14:49:50,929 - org.eclipse.sirius - 5.1.1.201801311428
2018-08-28 14:49:50,929 - org.eclipse.sirius.diagram - 5.1.1.201801311428
2018-08-28 14:49:50,929 - org.eclipse.sirius.diagram.formatdata - 5.1.1.201801311428
2018-08-28 14:49:50,929 - org.eclipse.sirius.diagram.layoutdata - 5.1.1.201801311428
2018-08-28 14:49:50,929 - org.eclipse.sirius.table - 5.1.1.201801311428
2018-08-28 14:49:50,929 - org.eclipse.sirius.tree - 5.1.1.201801311428
2018-08-28 14:49:50,929 - org.eclipse.sirius.ext.base - 5.1.1.201801311428
2018-08-28 14:49:50,929 - org.eclipse.sirius.ext.e3 - 5.1.1.201801311428
2018-08-28 14:49:50,929 - org.eclipse.sirius.ext.emf - 5.1.1.201801311428
2018-08-28 14:49:50,929 - org.eclipse.sirius.ext.emf.edit - 5.1.1.201801311428
2018-08-28 14:49:50,929 - org.eclipse.sirius.ext.emf.tx - 5.1.1.201801311428
2018-08-28 14:49:50,929 - org.eclipse.sirius.ext.gmf.notation - 5.1.1.201801311428
2018-08-28 14:49:50,942 - org.eclipse.mylyn.monitor.core - 3.23.0.v20170411-1844
2018-08-28 14:49:50,943 - org.eclipse.mylyn.monitor.ui - 3.23.0.v20170411-1844
2018-08-28 14:49:50,954 - org.eclipse.wb.rcp.SWT_AWT - 1.9.1.201710100405
2018-08-28 14:49:50,972 - org.eclipse.datatools.connectivity.oda.template.ui - 3.4.1.201712071719
2018-08-28 14:49:50,987 - org.eclipse.sequoyah.vnc.vncviewer - 2.1.0.N20120718-0509
2018-08-28 14:49:50,999 - org.eclipse.emf.codegen.ecore.ui - 2.13.0.v20170609-0928
2018-08-28 14:49:51,011 - org.eclipse.gmf.runtime.notation - 1.8.0.201706061354
2018-08-28 14:49:51,018 - org.eclipse.gmf.runtime.notation.edit - 1.7.0.201706061354
2018-08-28 14:49:51,030 - org.eclipse.emf.ecore.editor - 2.13.0.v20170609-0928
2018-08-28 14:49:51,041 - org.eclipse.wb.core.ui - 1.9.1.201710100405
2018-08-28 14:49:51,053 - org.eclipse.mylyn.builds.core - 1.15.0.v20170411-2141
2018-08-28 14:49:51,054 - org.eclipse.mylyn.builds.ui - 1.15.0.v20170411-2141
2018-08-28 14:49:51,066 - org.eclipse.mylyn.context.core - 3.23.0.v20170411-2108
2018-08-28 14:49:51,067 - org.eclipse.mylyn.context.ui - 3.23.0.v20170414-0629
2018-08-28 14:49:51,073 - org.eclipse.mylyn.resources.ui - 3.23.0.v20170411-2108
2018-08-28 14:49:51,074 - org.eclipse.mylyn.context.tasks.ui - 3.23.0.v20170411-2108
2018-08-28 14:49:51,087 - org.eclipse.emf.databinding - 1.3.0.v20170609-0928
2018-08-28 14:49:51,099 - org.eclipse.wb.swing - 1.9.1.201710100405
2018-08-28 14:49:51,258 - org.eclipse.wb.swing.FormLayout.lib - 1.9.1.201710100405
2018-08-28 14:49:51,264 - org.eclipse.wb.swing.FormLayout - 1.9.1.201710100405
2018-08-28 14:49:51,305 - org.eclipse.wb.swing.MigLayout.lib - 1.9.1.201710100405
2018-08-28 14:49:51,311 - org.eclipse.wb.swing.MigLayout - 1.9.1.201710100405
2018-08-28 14:49:51,317 - org.eclipse.wb.swing.databinding - 1.9.1.201710100405
2018-08-28 14:49:51,434 - org.eclipse.wb.swing.jsr296 - 1.9.1.201710100405
2018-08-28 14:49:51,441 - org.eclipse.wb.swing.java6 - 1.9.1.201710100405
2018-08-28 14:49:51,455 - org.eclipse.datatools.connectivity.sqm.core.ui - 1.4.1.201712071719
2018-08-28 14:49:51,455 - org.eclipse.datatools.connectivity.sqm.core - 1.4.1.201712071719
2018-08-28 14:49:51,462 - org.eclipse.datatools.connectivity.sqm.server.ui - 1.3.1.201712071719
2018-08-28 14:49:51,462 - org.eclipse.datatools.connectivity.ui.dse - 1.3.1.201712071719
2018-08-28 14:49:51,462 - org.eclipse.datatools.connectivity.ui - 1.4.1.201712071719
2018-08-28 14:49:51,462 - org.eclipse.datatools.connectivity - 1.14.1.201712071719
2018-08-28 14:49:51,462 - org.eclipse.datatools.help - 1.7.1.201712071719
2018-08-28 14:49:51,552 - org.eclipse.datatools.connectivity.console.profile - 1.2.1.201712071719
2018-08-28 14:49:51,566 - org.eclipse.oomph.setup - 1.9.0.v20180421-1024
2018-08-28 14:49:51,567 - org.eclipse.oomph.setup.edit - 1.9.0.v20180308-1210
2018-08-28 14:49:51,567 - org.eclipse.oomph.setup.core - 1.9.0.v20180425-0647
2018-08-28 14:49:51,568 - org.eclipse.oomph.setup.sync - 1.9.0.v20171221-1140
2018-08-28 14:49:51,568 - org.eclipse.oomph.setup.p2 - 1.9.0.v20180419-0636
2018-08-28 14:49:51,568 - org.eclipse.oomph.setup.p2.edit - 1.9.0.v20171221-1140
2018-08-28 14:49:51,568 - org.eclipse.oomph.preferences - 1.9.0.v20171221-1140
2018-08-28 14:49:51,733 - org.eclipse.oomph.jreinfo - 1.9.0.v20171221-1140
2018-08-28 14:49:51,733 - org.eclipse.oomph.jreinfo.win32.x86_64 - 1.2.0.v20160426-0508
2018-08-28 14:49:51,816 - org.eclipse.oomph.extractor.lib - 1.4.0.v20171221-1140
2018-08-28 14:49:51,828 - org.eclipse.recommenders.news - 2.5.2.v20180401-1226
2018-08-28 14:49:51,829 - org.eclipse.recommenders.news.api - 2.5.2.v20180401-1226
2018-08-28 14:49:51,829 - org.eclipse.recommenders.news.impl - 2.5.2.v20180401-1226
2018-08-28 14:49:51,829 - org.eclipse.recommenders.news.rcp - 2.5.2.v20180401-1226
