2018-08-28 14:49:51,829 [Worker-6] DEBUG class java.lang.Class - Starting Andmore Common Plugin...
2018-08-28 14:49:51,829 [Worker-6] DEBUG class java.lang.Class - Andmore Common Plugin started.
2018-08-28 14:49:51,830 [Worker-6] DEBUG class java.lang.Class - Starting Andmore Plugin...
2018-08-28 14:49:51,831 [Worker-6] DEBUG class java.lang.Class - Andmore Plugin started.
2018-08-28 14:49:51,849 [Worker-6] DEBUG class java.lang.Class - Starting Andmore Emulator Plugin...
2018-08-28 14:49:51,864 [Worker-6] DEBUG class java.lang.Class - Andmore Emulator Plugin started.
2018-08-28 14:49:51,889 [Worker-6] DEBUG class java.lang.Class - Starting Andmore Handset Plugin...
2018-08-28 14:49:51,889 [Worker-6] DEBUG class java.lang.Class - Andmore Handset Plugin started.
2018-08-28 14:49:51,894 [Worker-6] DEBUG class java.lang.Class - Starting Andmore Remote Device Plugin...
2018-08-28 14:49:51,896 [Worker-6] DEBUG class java.lang.Class - Starting Andmore Remote Device Plugin started.
2018-08-28 14:49:51,905 [Worker-6] DEBUG class java.lang.Class - Starting Andmore Device Services Plugin...
2018-08-28 14:49:51,905 [Worker-6] DEBUG class java.lang.Class - Andmore Device Services Plugin started.
2018-08-28 14:49:51,930 [Instance Event Manager] INFO  Studio for Android - The android device instance status was updated: Nexus_5X_API_27 Status: OFF
2018-08-28 14:49:51,932 [Instance Event Manager] INFO  Studio for Android - The android device instance status was updated: Nexus_6_API_27_2 Status: OFF
2018-08-28 14:49:51,932 [Instance Event Manager] INFO  Studio for Android - The android device instance status was updated: Nexus_One_API_27 Status: OFF
2018-08-28 14:49:51,932 [Instance Event Manager] INFO  Studio for Android - The android device instance status was updated: asd Status: OFF
2018-08-28 14:49:51,932 [Instance Event Manager] INFO  Studio for Android - The android device instance status was updated: test Status: OFF
2018-08-28 14:49:51,933 [Instance Event Manager] INFO  Studio for Android - The android device instance status was updated: Nexus_6_API_27 Status: OFF
2018-08-28 14:49:51,935 [Instance Event Manager] INFO  Studio for Android - The android device instance status was updated: Nexus_5X_API_27 Status: org.eclipse.andmore.android.emulator.status.notavailable
2018-08-28 14:49:51,935 [Instance Event Manager] INFO  Studio for Android - The android device instance status was updated: Nexus_6_API_27_2 Status: org.eclipse.andmore.android.emulator.status.notavailable
2018-08-28 14:49:51,935 [Instance Event Manager] INFO  Studio for Android - The android device instance status was updated: Nexus_One_API_27 Status: org.eclipse.andmore.android.emulator.status.notavailable
2018-08-28 14:49:51,935 [Instance Event Manager] INFO  Studio for Android - The android device instance status was updated: asd Status: org.eclipse.andmore.android.emulator.status.notavailable
2018-08-28 14:49:51,935 [Instance Event Manager] INFO  Studio for Android - The android device instance status was updated: test Status: org.eclipse.andmore.android.emulator.status.notavailable
2018-08-28 14:49:51,935 [Instance Event Manager] INFO  Studio for Android - The android device instance status was updated: Nexus_6_API_27 Status: org.eclipse.andmore.android.emulator.status.notavailable
2018-08-28 14:49:52,136 [Worker-6] ERROR Studio for Android - Handler could not be instanced(PLUGIN=org.eclipse.sequoyah.device.framework;ERROR=202)
2018-08-28 14:49:52,136 [Worker-6] ERROR Studio for Android - Handler could not be instanced(PLUGIN=org.eclipse.sequoyah.device.framework;ERROR=202)
2018-08-28 14:49:52,136 [Worker-6] ERROR Studio for Android - Handler could not be instanced(PLUGIN=org.eclipse.sequoyah.device.framework;ERROR=202)
2018-08-28 14:49:52,136 [Worker-6] ERROR Studio for Android - Handler could not be instanced(PLUGIN=org.eclipse.sequoyah.device.framework;ERROR=202)
2018-08-28 14:49:52,136 [Worker-6] ERROR Studio for Android - Handler could not be instanced(PLUGIN=org.eclipse.sequoyah.device.framework;ERROR=202)
2018-08-28 14:49:52,136 [Worker-6] ERROR Studio for Android - Handler could not be instanced(PLUGIN=org.eclipse.sequoyah.device.framework;ERROR=202)
2018-08-28 14:49:52,137 [Worker-6] ERROR Studio for Android - Handler could not be instanced(PLUGIN=org.eclipse.sequoyah.device.framework;ERROR=202)
2018-08-28 14:49:52,137 [Worker-6] ERROR Studio for Android - Handler could not be instanced(PLUGIN=org.eclipse.sequoyah.device.framework;ERROR=202)
2018-08-28 14:49:52,137 [Worker-6] ERROR Studio for Android - Handler could not be instanced(PLUGIN=org.eclipse.sequoyah.device.framework;ERROR=202)
2018-08-28 14:49:52,137 [Worker-6] ERROR Studio for Android - Handler could not be instanced(PLUGIN=org.eclipse.sequoyah.device.framework;ERROR=202)
2018-08-28 14:49:52,137 [Worker-6] ERROR Studio for Android - Handler could not be instanced(PLUGIN=org.eclipse.sequoyah.device.framework;ERROR=202)
2018-08-28 14:49:52,137 [Worker-6] ERROR Studio for Android - Handler could not be instanced(PLUGIN=org.eclipse.sequoyah.device.framework;ERROR=202)
2018-08-28 14:49:52,137 [Worker-6] ERROR Studio for Android - Handler could not be instanced(PLUGIN=org.eclipse.sequoyah.device.framework;ERROR=202)
2018-08-28 14:49:52,137 [Worker-6] ERROR Studio for Android - Handler could not be instanced(PLUGIN=org.eclipse.sequoyah.device.framework;ERROR=202)
2018-08-28 14:49:52,137 [Worker-6] ERROR Studio for Android - Handler could not be instanced(PLUGIN=org.eclipse.sequoyah.device.framework;ERROR=202)
2018-08-28 14:49:52,137 [Worker-6] ERROR Studio for Android - Handler could not be instanced(PLUGIN=org.eclipse.sequoyah.device.framework;ERROR=202)
2018-08-28 14:49:52,137 [Worker-6] ERROR Studio for Android - Handler could not be instanced(PLUGIN=org.eclipse.sequoyah.device.framework;ERROR=202)
2018-08-28 14:49:52,137 [Worker-6] ERROR Studio for Android - Handler could not be instanced(PLUGIN=org.eclipse.sequoyah.device.framework;ERROR=202)
2018-08-28 14:49:52,137 [Worker-6] ERROR Studio for Android - Handler could not be instanced(PLUGIN=org.eclipse.sequoyah.device.framework;ERROR=202)
2018-08-28 14:49:52,137 [Worker-6] ERROR Studio for Android - Handler could not be instanced(PLUGIN=org.eclipse.sequoyah.device.framework;ERROR=202)
2018-08-28 14:49:52,137 [Worker-6] ERROR Studio for Android - Handler could not be instanced(PLUGIN=org.eclipse.sequoyah.device.framework;ERROR=202)
2018-08-28 14:49:52,137 [Worker-6] ERROR Studio for Android - Handler could not be instanced(PLUGIN=org.eclipse.sequoyah.device.framework;ERROR=202)
2018-08-28 14:49:52,137 [Worker-6] ERROR Studio for Android - Handler could not be instanced(PLUGIN=org.eclipse.sequoyah.device.framework;ERROR=202)
2018-08-28 14:49:52,137 [Worker-6] ERROR Studio for Android - Handler could not be instanced(PLUGIN=org.eclipse.sequoyah.device.framework;ERROR=202)
2018-08-28 14:49:52,137 [Worker-6] ERROR Studio for Android - Handler could not be instanced(PLUGIN=org.eclipse.sequoyah.device.framework;ERROR=202)
2018-08-28 14:49:52,137 [Worker-6] ERROR Studio for Android - Handler could not be instanced(PLUGIN=org.eclipse.sequoyah.device.framework;ERROR=202)
2018-08-28 14:49:52,137 [Worker-6] ERROR Studio for Android - Handler could not be instanced(PLUGIN=org.eclipse.sequoyah.device.framework;ERROR=202)
2018-08-28 14:49:52,137 [Worker-6] ERROR Studio for Android - Handler could not be instanced(PLUGIN=org.eclipse.sequoyah.device.framework;ERROR=202)
2018-08-28 14:49:52,138 [Worker-6] ERROR Studio for Android - Handler could not be instanced(PLUGIN=org.eclipse.sequoyah.device.framework;ERROR=202)
2018-08-28 14:49:52,138 [Worker-6] ERROR Studio for Android - Handler could not be instanced(PLUGIN=org.eclipse.sequoyah.device.framework;ERROR=202)
2018-08-28 14:49:52,138 [Worker-6] INFO  Studio for Android - [Status: id=org.eclipse.andmore.android.emulator.status.offline;name=Offline]
2018-08-28 14:49:52,138 [Worker-6] INFO  Studio for Android - [Status: id=org.eclipse.andmore.android.handset.status.handsetonline;name=Online]
2018-08-28 14:49:52,138 [Worker-6] INFO  Studio for Android - [Status: id=INACTIVE;name=INACTIVE]
2018-08-28 14:49:52,138 [Worker-6] INFO  Studio for Android - [Status: id=org.eclipse.andmore.android.emulator.status.notavailable;name=Not available]
2018-08-28 14:49:52,138 [Worker-6] INFO  Studio for Android - [Status: id=IDLE;name=IDLE]
2018-08-28 14:49:52,138 [Worker-6] INFO  Studio for Android - [Status: id=org.eclipse.andmore.android.remote.status.connected;name=Connected]
2018-08-28 14:49:52,138 [Worker-6] INFO  Studio for Android - [Status: id=org.eclipse.andmore.android.remote.status.disconnected;name=Disconnected]
2018-08-28 14:49:52,138 [Worker-6] INFO  Studio for Android - [Status: id=org.eclipse.andmore.android.emulator.status.online;name=Online]
2018-08-28 14:49:52,138 [Worker-6] INFO  Studio for Android - [Status: id=OFF;name=OFF]
2018-08-28 14:49:52,138 [Worker-6] INFO  Studio for Android - [Status: id=org.eclipse.andmore.android.emulator.status.offlineNoData;name=Offline (no user data)]
